[INFO ][20171228 11:37:59,094][AbstractApplicationContext:510] Refreshing org.springframework.context.support.ClassPathXmlApplicationContext@368239c8: startup date [Thu Dec 28 11:37:59 CST 2017]; root of context hierarchy
[INFO ][20171228 11:37:59,168][XmlBeanDefinitionReader:315] Loading XML bean definitions from class path resource [spring/spring-context.xml]
[INFO ][20171228 11:37:59,473][XmlBeanDefinitionReader:315] Loading XML bean definitions from class path resource [spring/spring-jdbc.xml]
[INFO ][20171228 11:37:59,492][XmlBeanDefinitionReader:315] Loading XML bean definitions from class path resource [spring/spring-context-service.xml]
[INFO ][20171228 11:38:01,044][XmlBeanDefinitionReader:315] Loading XML bean definitions from class path resource [spring/spring-mybatis.xml]
[INFO ][20171228 11:38:01,081][DefaultListableBeanFactory:665] Overriding bean definition for bean 'dataSource': replacing [Generic bean: class [com.alibaba.druid.pool.DruidDataSource]; scope=; abstract=false; lazyInit=false; autowireMode=0; dependencyCheck=0; autowireCandidate=true; primary=false; factoryBeanName=null; factoryMethodName=null; initMethodName=init; destroyMethodName=clone; defined in class path resource [spring/spring-jdbc.xml]] with [Generic bean: class [com.alibaba.druid.pool.DruidDataSource]; scope=; abstract=false; lazyInit=false; autowireMode=0; dependencyCheck=0; autowireCandidate=true; primary=false; factoryBeanName=null; factoryMethodName=null; initMethodName=init; destroyMethodName=clone; defined in class path resource [spring/spring-mybatis.xml]]
[INFO ][20171228 11:38:01,138][XmlBeanDefinitionReader:315] Loading XML bean definitions from class path resource [spring/spring-activemq.xml]
[INFO ][20171228 11:38:01,173][XmlBeanDefinitionReader:315] Loading XML bean definitions from class path resource [spring/spring-reconciliation.xml]
[INFO ][20171228 11:38:01,185][XmlBeanDefinitionReader:315] Loading XML bean definitions from class path resource [spring/spring-polling.xml]
[INFO ][20171228 11:38:01,236][XmlBeanDefinitionReader:315] Loading XML bean definitions from class path resource [spring/spring-activemq.xml]
[INFO ][20171228 11:38:01,266][DefaultListableBeanFactory:665] Overriding bean definition for bean 'jmsTemplate': replacing [Generic bean: class [org.springframework.jms.core.JmsTemplate]; scope=; abstract=false; lazyInit=false; autowireMode=0; dependencyCheck=0; autowireCandidate=true; primary=false; factoryBeanName=null; factoryMethodName=null; initMethodName=null; destroyMethodName=null; defined in class path resource [spring/spring-activemq.xml]] with [Generic bean: class [org.springframework.jms.core.JmsTemplate]; scope=; abstract=false; lazyInit=false; autowireMode=0; dependencyCheck=0; autowireCandidate=true; primary=false; factoryBeanName=null; factoryMethodName=null; initMethodName=null; destroyMethodName=null; defined in class path resource [spring/spring-activemq.xml]]
[INFO ][20171228 11:38:01,269][DefaultListableBeanFactory:665] Overriding bean definition for bean 'targetConnectionFactory': replacing [Generic bean: class [org.apache.activemq.ActiveMQConnectionFactory]; scope=; abstract=false; lazyInit=false; autowireMode=0; dependencyCheck=0; autowireCandidate=true; primary=false; factoryBeanName=null; factoryMethodName=null; initMethodName=null; destroyMethodName=null; defined in class path resource [spring/spring-activemq.xml]] with [Generic bean: class [org.apache.activemq.ActiveMQConnectionFactory]; scope=; abstract=false; lazyInit=false; autowireMode=0; dependencyCheck=0; autowireCandidate=true; primary=false; factoryBeanName=null; factoryMethodName=null; initMethodName=null; destroyMethodName=null; defined in class path resource [spring/spring-activemq.xml]]
[INFO ][20171228 11:38:01,270][DefaultListableBeanFactory:665] Overriding bean definition for bean 'pooledConnectionFactory': replacing [Generic bean: class [org.apache.activemq.pool.PooledConnectionFactory]; scope=; abstract=false; lazyInit=false; autowireMode=0; dependencyCheck=0; autowireCandidate=true; primary=false; factoryBeanName=null; factoryMethodName=null; initMethodName=null; destroyMethodName=null; defined in class path resource [spring/spring-activemq.xml]] with [Generic bean: class [org.apache.activemq.pool.PooledConnectionFactory]; scope=; abstract=false; lazyInit=false; autowireMode=0; dependencyCheck=0; autowireCandidate=true; primary=false; factoryBeanName=null; factoryMethodName=null; initMethodName=null; destroyMethodName=null; defined in class path resource [spring/spring-activemq.xml]]
[INFO ][20171228 11:38:01,271][DefaultListableBeanFactory:665] Overriding bean definition for bean 'connectionFactory': replacing [Generic bean: class [org.springframework.jms.connection.SingleConnectionFactory]; scope=; abstract=false; lazyInit=false; autowireMode=0; dependencyCheck=0; autowireCandidate=true; primary=false; factoryBeanName=null; factoryMethodName=null; initMethodName=null; destroyMethodName=null; defined in class path resource [spring/spring-activemq.xml]] with [Generic bean: class [org.springframework.jms.connection.SingleConnectionFactory]; scope=; abstract=false; lazyInit=false; autowireMode=0; dependencyCheck=0; autowireCandidate=true; primary=false; factoryBeanName=null; factoryMethodName=null; initMethodName=null; destroyMethodName=null; defined in class path resource [spring/spring-activemq.xml]]
[INFO ][20171228 11:38:01,273][DefaultListableBeanFactory:665] Overriding bean definition for bean 'queueDestination': replacing [Generic bean: class [org.apache.activemq.command.ActiveMQQueue]; scope=; abstract=false; lazyInit=false; autowireMode=0; dependencyCheck=0; autowireCandidate=true; primary=false; factoryBeanName=null; factoryMethodName=null; initMethodName=null; destroyMethodName=null; defined in class path resource [spring/spring-activemq.xml]] with [Generic bean: class [org.apache.activemq.command.ActiveMQQueue]; scope=; abstract=false; lazyInit=false; autowireMode=0; dependencyCheck=0; autowireCandidate=true; primary=false; factoryBeanName=null; factoryMethodName=null; initMethodName=null; destroyMethodName=null; defined in class path resource [spring/spring-activemq.xml]]
[INFO ][20171228 11:38:01,273][DefaultListableBeanFactory:665] Overriding bean definition for bean 'pollingMessageListener': replacing [Generic bean: class [com.roncoo.pay.app.polling.listener.PollingMessageListener]; scope=; abstract=false; lazyInit=false; autowireMode=0; dependencyCheck=0; autowireCandidate=true; primary=false; factoryBeanName=null; factoryMethodName=null; initMethodName=null; destroyMethodName=null; defined in class path resource [spring/spring-activemq.xml]] with [Generic bean: class [com.roncoo.pay.app.polling.listener.PollingMessageListener]; scope=; abstract=false; lazyInit=false; autowireMode=0; dependencyCheck=0; autowireCandidate=true; primary=false; factoryBeanName=null; factoryMethodName=null; initMethodName=null; destroyMethodName=null; defined in class path resource [spring/spring-activemq.xml]]
[INFO ][20171228 11:38:01,275][DefaultListableBeanFactory:665] Overriding bean definition for bean 'jmsContainer': replacing [Generic bean: class [org.springframework.jms.listener.DefaultMessageListenerContainer]; scope=; abstract=false; lazyInit=false; autowireMode=0; dependencyCheck=0; autowireCandidate=true; primary=false; factoryBeanName=null; factoryMethodName=null; initMethodName=null; destroyMethodName=null; defined in class path resource [spring/spring-activemq.xml]] with [Generic bean: class [org.springframework.jms.listener.DefaultMessageListenerContainer]; scope=; abstract=false; lazyInit=false; autowireMode=0; dependencyCheck=0; autowireCandidate=true; primary=false; factoryBeanName=null; factoryMethodName=null; initMethodName=null; destroyMethodName=null; defined in class path resource [spring/spring-activemq.xml]]
[INFO ][20171228 11:38:01,739][PropertiesLoaderSupport:172] Loading properties file from class path resource [mq_config.properties]
[INFO ][20171228 11:38:01,740][PropertiesLoaderSupport:172] Loading properties file from class path resource [jdbc.properties]
[INFO ][20171228 11:38:01,821][DefaultListableBeanFactory:598] Pre-instantiating singletons in org.springframework.beans.factory.support.DefaultListableBeanFactory@13eb8acf: defining beans [org.springframework.context.annotation.internalConfigurationAnnotationProcessor,org.springframework.context.annotation.internalAutowiredAnnotationProcessor,org.springframework.context.annotation.internalRequiredAnnotationProcessor,org.springframework.context.annotation.internalCommonAnnotationProcessor,pollingPersist,pollingQueue,org.springframework.aop.config.internalAutoProxyCreator,dataSource,rpAccountDaoImpl,rpAccountHistoryDaoImpl,rpSettDailyCollectDaoImpl,rpSettRecordAnnexDaoImpl,rpSettRecordDaoImpl,rpAccountHistoryService,rpAccountQueryService,rpAccountService,rpAccountTransactionService,rpSettHandleService,rpSettQueryService,rpNotifyRecordDao,rpNotifyRecordLogDao,rpNotifyService,pmsMenuDao,pmsRoleMenuDao,pmsOperatorDaoImpl,pmsOperatorLogDaoImpl,pmsOperatorRoleDaoImpl,pmsPermissionDaoImpl,pmsRoleDaoImpl,pmsRolePermissionDaoImpl,pmsMenuRoleService,pmsMenuService,pmsOperatorLogService,pmsOperatorRoleService,pmsOperatorService,pmsPermissionService,pmsRolePermissionService,pmsRoleService,rpAccountCheckBatchDaoImpl,rpAccountCheckMistakeDaoImpl,rpAccountCheckMistakeScratchPoolDaoImpl,reconciliationFactory,rpAccountCheckBatchService,rpAccountCheckMistakeScratchPoolService,rpAccountCheckMistakeService,rpAccountCheckTransactionService,rpTradePaymentOrderDao,rpTradePaymentRecordDao,rpTradePaymentManagerService,rpTradePaymentQueryService,rpTradeReconciliationService,buildNoDaoImpl,rpPayProductDaoImpl,rpPayWayDaoImpl,rpUserBankAccountDaoImpl,rpUserInfoDaoImpl,rpUserPayConfigDaoImpl,rpUserPayInfoDaoImpl,buildNoService,rpPayProductService,rpPayWayService,rpUserBankAccountService,rpUserInfoService,rpUserPayConfigService,rpUserPayInfoService,propertyConfigurer,sqlSessionFactory,sessionTemplate,transactionManager,org.springframework.transaction.annotation.AnnotationTransactionAttributeSource#0,org.springframework.transaction.interceptor.TransactionInterceptor#0,org.springframework.transaction.config.internalTransactionAdvisor,jmsTemplate,targetConnectionFactory,pooledConnectionFactory,connectionFactory,queueDestination,pollingMessageListener,jmsContainer,WEIXIN,ALIPAY,threadPool,pollingParam,org.springframework.context.annotation.ConfigurationClassPostProcessor.importAwareProcessor]; root of factory hierarchy
[INFO ][20171228 11:38:02,175][DruidDataSource:722] {dataSource-1} inited
[INFO ][20171228 11:38:03,544][ExecutorConfigurationSupport:154] Initializing ExecutorService  'threadPool'
[INFO ][20171228 11:38:03,547][DefaultLifecycleProcessor$LifecycleGroup:334] Starting beans in phase 2147483647
[INFO ][20171228 11:38:04,170][SingleConnectionFactory:291] Established shared JMS Connection: PooledConnection { ConnectionPool[ActiveMQConnection {id=ID:SKY-20170505DYO-57959-1514432284038-1:1,clientId=null,started=false}] }
[INFO ][20171228 11:38:04,223][DefaultLifecycleProcessor$LifecycleGroup:334] Starting beans in phase 2147483647
[INFO ][20171228 11:38:04,224][App:100] ==>startThread
[INFO ][20171228 11:38:04,226][App:83] == context start
[INFO ][20171228 11:38:04,279][PollingMessageListener:53] == receive bankOrderNo :66662017122810000005
[INFO ][20171228 11:38:04,330][App$1:107] ==>threadPool.getActiveCount():1
[INFO ][20171228 11:38:04,330][App$1:108] ==>threadPool.getMaxPoolSize():5
[INFO ][20171228 11:38:04,331][App$1:111] ==>tasks.size():0
[INFO ][20171228 11:38:04,562][PollingQueue:55] ===>addToOrderQueryTaskDelayQueue bank order no:66662017122810000005
[INFO ][20171228 11:38:04,566][PollingQueue:67] ===>bank order No  66662017122810000005, 上次通知时间lastNotifyTime:2017-12-28 11:38:04 562
[INFO ][20171228 11:38:04,568][PollingTask:63] ===>pollingTimes:0
[INFO ][20171228 11:38:04,597][PollingTask:70] ===>notify id:8cdda2ab46754ec494d56891910dc545, nextNotifyTime:2017-12-28 11:38:04 562
[INFO ][20171228 11:38:04,601][PollingPersist:57] notifyTimes:0  , maxNotifyTimes:10 
[INFO ][20171228 11:38:04,701][App$1:107] ==>threadPool.getActiveCount():2
[INFO ][20171228 11:38:04,701][App$1:108] ==>threadPool.getMaxPoolSize():5
[INFO ][20171228 11:38:04,701][App$1:111] ==>tasks.size():0
[INFO ][20171228 11:38:04,911][RpTradePaymentManagerServiceImpl:1091] 订单号:[66662017122810000005],交易类型：[ALIPAY]
[INFO ][20171228 11:38:04,913][RpTradePaymentManagerServiceImpl:1118] 支付宝--即时到账订单查询!订单号:[66662017122810000005]
[INFO ][20171228 11:38:05,824][RpTradePaymentManagerServiceImpl:367] 订单支付成功!
[INFO ][20171228 11:38:05,876][RpAccountTransactionServiceImpl:163] 账户加款成功，并记录了账户历史
[INFO ][20171228 11:38:05,930][PollingPersist:61] order processing result:true
[INFO ][20171228 11:38:05,930][App$1$1:118] ==>tasks.size():0
